{
"/Users/rafaeljesus/pagarme-node/lib/index.js":{"path":"/Users/rafaeljesus/pagarme-node/lib/index.js","s":{"1":1,"2":1,"3":13,"4":1},"b":{},"f":{"1":13},"fnMap":{"1":{"name":"(anonymous_1)","line":5,"loc":{"start":{"line":5,"column":17},"end":{"line":5,"column":31}}}},"statementMap":{"1":{"start":{"line":3,"column":0},"end":{"line":3,"column":35}},"2":{"start":{"line":5,"column":0},"end":{"line":9,"column":2}},"3":{"start":{"line":6,"column":2},"end":{"line":8,"column":5}},"4":{"start":{"line":11,"column":0},"end":{"line":11,"column":33}}},"branchMap":{},"l":{"3":1,"5":1,"6":13,"11":1}},
"/Users/rafaeljesus/pagarme-node/lib/pagarme.js":{"path":"/Users/rafaeljesus/pagarme-node/lib/pagarme.js","s":{"1":1,"2":1,"3":16,"4":16,"5":15,"6":14,"7":14,"8":14,"9":14,"10":14,"11":14,"12":14,"13":1,"14":32,"15":32,"16":1,"17":32,"18":32,"19":1,"20":32,"21":32,"22":1,"23":32,"24":32,"25":32,"26":0,"27":0,"28":0,"29":1,"30":1,"31":1,"32":1,"33":1},"b":{"1":[16,2],"2":[0,32],"3":[0,0],"4":[0,0],"5":[0,0]},"f":{"1":16,"2":32,"3":32,"4":32,"5":32,"6":0,"7":1},"fnMap":{"1":{"name":"Pagarme","line":13,"loc":{"start":{"line":13,"column":0},"end":{"line":13,"column":25}}},"2":{"name":"generateQuery","line":26,"loc":{"start":{"line":26,"column":0},"end":{"line":26,"column":25}}},"3":{"name":"(anonymous_3)","line":31,"loc":{"start":{"line":31,"column":25},"end":{"line":31,"column":43}}},"4":{"name":"(anonymous_4)","line":36,"loc":{"start":{"line":36,"column":24},"end":{"line":36,"column":42}}},"5":{"name":"(anonymous_5)","line":41,"loc":{"start":{"line":41,"column":28},"end":{"line":41,"column":46}}},"6":{"name":"(anonymous_6)","line":47,"loc":{"start":{"line":47,"column":12},"end":{"line":47,"column":32}}},"7":{"name":"(anonymous_7)","line":57,"loc":{"start":{"line":57,"column":40},"end":{"line":57,"column":66}}}},"statementMap":{"1":{"start":{"line":3,"column":0},"end":{"line":11,"column":36}},"2":{"start":{"line":13,"column":0},"end":{"line":24,"column":1}},"3":{"start":{"line":14,"column":2},"end":{"line":14,"column":24}},"4":{"start":{"line":15,"column":2},"end":{"line":15,"column":69}},"5":{"start":{"line":16,"column":2},"end":{"line":16,"column":86}},"6":{"start":{"line":17,"column":2},"end":{"line":17,"column":24}},"7":{"start":{"line":18,"column":2},"end":{"line":18,"column":78}},"8":{"start":{"line":19,"column":2},"end":{"line":19,"column":44}},"9":{"start":{"line":20,"column":2},"end":{"line":20,"column":38}},"10":{"start":{"line":21,"column":2},"end":{"line":21,"column":53}},"11":{"start":{"line":22,"column":2},"end":{"line":22,"column":38}},"12":{"start":{"line":23,"column":2},"end":{"line":23,"column":52}},"13":{"start":{"line":26,"column":0},"end":{"line":29,"column":1}},"14":{"start":{"line":27,"column":2},"end":{"line":27,"column":95}},"15":{"start":{"line":28,"column":2},"end":{"line":28,"column":46}},"16":{"start":{"line":31,"column":0},"end":{"line":34,"column":2}},"17":{"start":{"line":32,"column":2},"end":{"line":32,"column":50}},"18":{"start":{"line":33,"column":2},"end":{"line":33,"column":67}},"19":{"start":{"line":36,"column":0},"end":{"line":39,"column":2}},"20":{"start":{"line":37,"column":2},"end":{"line":37,"column":36}},"21":{"start":{"line":38,"column":2},"end":{"line":38,"column":43}},"22":{"start":{"line":41,"column":0},"end":{"line":55,"column":2}},"23":{"start":{"line":42,"column":2},"end":{"line":42,"column":62}},"24":{"start":{"line":43,"column":2},"end":{"line":43,"column":74}},"25":{"start":{"line":44,"column":2},"end":{"line":54,"column":7}},"26":{"start":{"line":48,"column":6},"end":{"line":48,"column":70}},"27":{"start":{"line":48,"column":58},"end":{"line":48,"column":70}},"28":{"start":{"line":49,"column":6},"end":{"line":53,"column":9}},"29":{"start":{"line":57,"column":0},"end":{"line":60,"column":2}},"30":{"start":{"line":58,"column":2},"end":{"line":58,"column":75}},"31":{"start":{"line":59,"column":2},"end":{"line":59,"column":29}},"32":{"start":{"line":62,"column":0},"end":{"line":62,"column":84}},"33":{"start":{"line":64,"column":0},"end":{"line":64,"column":25}}},"branchMap":{"1":{"line":14,"type":"binary-expr","locations":[{"start":{"line":14,"column":11},"end":{"line":14,"column":17}},{"start":{"line":14,"column":21},"end":{"line":14,"column":23}}]},"2":{"line":28,"type":"cond-expr","locations":[{"start":{"line":28,"column":28},"end":{"line":28,"column":37}},{"start":{"line":28,"column":40},"end":{"line":28,"column":45}}]},"3":{"line":48,"type":"if","locations":[{"start":{"line":48,"column":6},"end":{"line":48,"column":6}},{"start":{"line":48,"column":6},"end":{"line":48,"column":6}}]},"4":{"line":48,"type":"binary-expr","locations":[{"start":{"line":48,"column":10},"end":{"line":48,"column":32}},{"start":{"line":48,"column":36},"end":{"line":48,"column":56}}]},"5":{"line":50,"type":"binary-expr","locations":[{"start":{"line":50,"column":14},"end":{"line":50,"column":25}},{"start":{"line":50,"column":29},"end":{"line":50,"column":38}}]}},"l":{"3":1,"13":1,"14":16,"15":16,"16":15,"17":14,"18":14,"19":14,"20":14,"21":14,"22":14,"23":14,"26":1,"27":32,"28":32,"31":1,"32":32,"33":32,"36":1,"37":32,"38":32,"41":1,"42":32,"43":32,"44":32,"48":0,"49":0,"57":1,"58":1,"59":1,"62":1,"64":1}},
"/Users/rafaeljesus/pagarme-node/lib/card.js":{"path":"/Users/rafaeljesus/pagarme-node/lib/card.js","s":{"1":1,"2":1},"b":{},"f":{},"fnMap":{},"statementMap":{"1":{"start":{"line":3,"column":0},"end":{"line":5,"column":44}},"2":{"start":{"line":7,"column":0},"end":{"line":10,"column":32}}},"branchMap":{},"l":{"3":1,"7":1}},
"/Users/rafaeljesus/pagarme-node/lib/assert_page_count.js":{"path":"/Users/rafaeljesus/pagarme-node/lib/assert_page_count.js","s":{"1":1,"2":1,"3":3},"b":{"1":[3,3]},"f":{"1":3},"fnMap":{"1":{"name":"(anonymous_1)","line":5,"loc":{"start":{"line":5,"column":17},"end":{"line":5,"column":35}}}},"statementMap":{"1":{"start":{"line":3,"column":0},"end":{"line":3,"column":31}},"2":{"start":{"line":5,"column":0},"end":{"line":7,"column":2}},"3":{"start":{"line":6,"column":2},"end":{"line":6,"column":73}}},"branchMap":{"1":{"line":6,"type":"binary-expr","locations":[{"start":{"line":6,"column":11},"end":{"line":6,"column":27}},{"start":{"line":6,"column":31},"end":{"line":6,"column":48}}]}},"l":{"3":1,"5":1,"6":3}},
"/Users/rafaeljesus/pagarme-node/lib/resource.js":{"path":"/Users/rafaeljesus/pagarme-node/lib/resource.js","s":{"1":1,"2":1,"3":14,"4":10,"5":8,"6":0,"7":8,"8":8,"9":60,"10":7,"11":7},"b":{},"f":{"1":14,"2":0,"3":60,"4":7},"fnMap":{"1":{"name":"(anonymous_1)","line":8,"loc":{"start":{"line":8,"column":17},"end":{"line":8,"column":41}}},"2":{"name":"(anonymous_2)","line":12,"loc":{"start":{"line":12,"column":17},"end":{"line":12,"column":28}}},"3":{"name":"(anonymous_3)","line":23,"loc":{"start":{"line":23,"column":18},"end":{"line":23,"column":36}}},"4":{"name":"(anonymous_4)","line":29,"loc":{"start":{"line":29,"column":8},"end":{"line":29,"column":19}}}},"statementMap":{"1":{"start":{"line":3,"column":0},"end":{"line":6,"column":52}},"2":{"start":{"line":8,"column":0},"end":{"line":34,"column":2}},"3":{"start":{"line":9,"column":2},"end":{"line":9,"column":73}},"4":{"start":{"line":10,"column":2},"end":{"line":10,"column":64}},"5":{"start":{"line":12,"column":2},"end":{"line":14,"column":4}},"6":{"start":{"line":13,"column":4},"end":{"line":13,"column":43}},"7":{"start":{"line":16,"column":2},"end":{"line":23,"column":2}},"8":{"start":{"line":23,"column":2},"end":{"line":33,"column":5}},"9":{"start":{"line":24,"column":4},"end":{"line":26,"column":7}},"10":{"start":{"line":30,"column":6},"end":{"line":30,"column":45}},"11":{"start":{"line":31,"column":6},"end":{"line":31,"column":18}}},"branchMap":{},"l":{"3":1,"8":1,"9":14,"10":10,"12":8,"13":0,"16":8,"23":8,"24":60,"30":7,"31":7}},
"/Users/rafaeljesus/pagarme-node/lib/pagarme_resource.js":{"path":"/Users/rafaeljesus/pagarme-node/lib/pagarme_resource.js","s":{"1":1,"2":1,"3":0,"4":1,"5":3,"6":3,"7":3,"8":0,"9":1,"10":0,"11":0,"12":1,"13":25,"14":25,"15":25,"16":0,"17":0,"18":1,"19":0,"20":0,"21":0,"22":1},"b":{"1":[3,0],"2":[25,0],"3":[0,0]},"f":{"1":0,"2":3,"3":0,"4":0,"5":0,"6":25,"7":0,"8":0,"9":0},"fnMap":{"1":{"name":"PagarmeResource","line":7,"loc":{"start":{"line":7,"column":0},"end":{"line":7,"column":31}}},"2":{"name":"(anonymous_2)","line":11,"loc":{"start":{"line":11,"column":40},"end":{"line":11,"column":58}}},"3":{"name":"(anonymous_3)","line":19,"loc":{"start":{"line":19,"column":8},"end":{"line":19,"column":23}}},"4":{"name":"(anonymous_4)","line":24,"loc":{"start":{"line":24,"column":42},"end":{"line":24,"column":55}}},"5":{"name":"(anonymous_5)","line":30,"loc":{"start":{"line":30,"column":8},"end":{"line":30,"column":23}}},"6":{"name":"(anonymous_6)","line":35,"loc":{"start":{"line":35,"column":40},"end":{"line":35,"column":58}}},"7":{"name":"(anonymous_7)","line":43,"loc":{"start":{"line":43,"column":21},"end":{"line":43,"column":36}}},"8":{"name":"(anonymous_8)","line":49,"loc":{"start":{"line":49,"column":40},"end":{"line":49,"column":62}}},"9":{"name":"(anonymous_9)","line":57,"loc":{"start":{"line":57,"column":8},"end":{"line":57,"column":23}}}},"statementMap":{"1":{"start":{"line":3,"column":0},"end":{"line":5,"column":39}},"2":{"start":{"line":7,"column":0},"end":{"line":9,"column":1}},"3":{"start":{"line":8,"column":2},"end":{"line":8,"column":23}},"4":{"start":{"line":11,"column":0},"end":{"line":22,"column":3}},"5":{"start":{"line":12,"column":2},"end":{"line":12,"column":26}},"6":{"start":{"line":13,"column":2},"end":{"line":13,"column":32}},"7":{"start":{"line":14,"column":2},"end":{"line":21,"column":5}},"8":{"start":{"line":20,"column":4},"end":{"line":20,"column":26}},"9":{"start":{"line":24,"column":0},"end":{"line":33,"column":3}},"10":{"start":{"line":25,"column":2},"end":{"line":32,"column":5}},"11":{"start":{"line":31,"column":4},"end":{"line":31,"column":26}},"12":{"start":{"line":35,"column":0},"end":{"line":47,"column":3}},"13":{"start":{"line":36,"column":2},"end":{"line":36,"column":26}},"14":{"start":{"line":37,"column":2},"end":{"line":42,"column":14}},"15":{"start":{"line":43,"column":2},"end":{"line":45,"column":5}},"16":{"start":{"line":44,"column":4},"end":{"line":44,"column":26}},"17":{"start":{"line":46,"column":2},"end":{"line":46,"column":56}},"18":{"start":{"line":49,"column":0},"end":{"line":60,"column":3}},"19":{"start":{"line":50,"column":2},"end":{"line":50,"column":26}},"20":{"start":{"line":51,"column":2},"end":{"line":59,"column":5}},"21":{"start":{"line":58,"column":4},"end":{"line":58,"column":26}},"22":{"start":{"line":62,"column":0},"end":{"line":62,"column":33}}},"branchMap":{"1":{"line":12,"type":"binary-expr","locations":[{"start":{"line":12,"column":12},"end":{"line":12,"column":19}},{"start":{"line":12,"column":23},"end":{"line":12,"column":25}}]},"2":{"line":36,"type":"binary-expr","locations":[{"start":{"line":36,"column":12},"end":{"line":36,"column":19}},{"start":{"line":36,"column":23},"end":{"line":36,"column":25}}]},"3":{"line":50,"type":"binary-expr","locations":[{"start":{"line":50,"column":12},"end":{"line":50,"column":19}},{"start":{"line":50,"column":23},"end":{"line":50,"column":25}}]}},"l":{"3":1,"7":1,"8":0,"11":1,"12":3,"13":3,"14":3,"20":0,"24":1,"25":0,"31":0,"35":1,"36":25,"37":25,"43":25,"44":0,"46":0,"49":1,"50":0,"51":0,"58":0,"62":1}},
"/Users/rafaeljesus/pagarme-node/lib/bank_account.js":{"path":"/Users/rafaeljesus/pagarme-node/lib/bank_account.js","s":{"1":1,"2":1},"b":{},"f":{},"fnMap":{},"statementMap":{"1":{"start":{"line":3,"column":0},"end":{"line":5,"column":44}},"2":{"start":{"line":7,"column":0},"end":{"line":10,"column":32}}},"branchMap":{},"l":{"3":1,"7":1}},
"/Users/rafaeljesus/pagarme-node/lib/plan.js":{"path":"/Users/rafaeljesus/pagarme-node/lib/plan.js","s":{"1":1,"2":1},"b":{},"f":{},"fnMap":{},"statementMap":{"1":{"start":{"line":3,"column":0},"end":{"line":5,"column":38}},"2":{"start":{"line":7,"column":0},"end":{"line":10,"column":32}}},"branchMap":{},"l":{"3":1,"7":1}},
"/Users/rafaeljesus/pagarme-node/lib/transaction.js":{"path":"/Users/rafaeljesus/pagarme-node/lib/transaction.js","s":{"1":1,"2":1,"3":0,"4":0,"5":0,"6":0,"7":1,"8":0},"b":{},"f":{"1":0,"2":0,"3":0,"4":0,"5":1,"6":0},"fnMap":{"1":{"name":"(anonymous_1)","line":14,"loc":{"start":{"line":14,"column":27},"end":{"line":14,"column":40}}},"2":{"name":"(anonymous_2)","line":21,"loc":{"start":{"line":21,"column":12},"end":{"line":21,"column":27}}},"3":{"name":"(anonymous_3)","line":26,"loc":{"start":{"line":26,"column":28},"end":{"line":26,"column":50}}},"4":{"name":"(anonymous_4)","line":33,"loc":{"start":{"line":33,"column":12},"end":{"line":33,"column":27}}},"5":{"name":"(anonymous_5)","line":38,"loc":{"start":{"line":38,"column":42},"end":{"line":38,"column":60}}},"6":{"name":"(anonymous_6)","line":45,"loc":{"start":{"line":45,"column":12},"end":{"line":45,"column":27}}}},"statementMap":{"1":{"start":{"line":3,"column":0},"end":{"line":9,"column":38}},"2":{"start":{"line":11,"column":0},"end":{"line":52,"column":32}},"3":{"start":{"line":15,"column":6},"end":{"line":23,"column":9}},"4":{"start":{"line":22,"column":8},"end":{"line":22,"column":30}},"5":{"start":{"line":27,"column":6},"end":{"line":35,"column":9}},"6":{"start":{"line":34,"column":8},"end":{"line":34,"column":30}},"7":{"start":{"line":39,"column":6},"end":{"line":47,"column":9}},"8":{"start":{"line":46,"column":8},"end":{"line":46,"column":30}}},"branchMap":{},"l":{"3":1,"11":1,"15":0,"22":0,"27":0,"34":0,"39":1,"46":0}},
"/Users/rafaeljesus/pagarme-node/lib/card_hash.js":{"path":"/Users/rafaeljesus/pagarme-node/lib/card_hash.js","s":{"1":1,"2":1,"3":0,"4":0,"5":0,"6":0,"7":1,"8":1,"9":0,"10":0,"11":1,"12":0},"b":{},"f":{"1":0,"2":1,"3":0,"4":0},"fnMap":{"1":{"name":"toHash","line":7,"loc":{"start":{"line":7,"column":0},"end":{"line":7,"column":31}}},"2":{"name":"(anonymous_2)","line":14,"loc":{"start":{"line":14,"column":17},"end":{"line":14,"column":52}}},"3":{"name":"(anonymous_3)","line":18,"loc":{"start":{"line":18,"column":10},"end":{"line":18,"column":25}}},"4":{"name":"cardDataParams","line":24,"loc":{"start":{"line":24,"column":0},"end":{"line":24,"column":33}}}},"statementMap":{"1":{"start":{"line":3,"column":0},"end":{"line":5,"column":32}},"2":{"start":{"line":7,"column":0},"end":{"line":12,"column":1}},"3":{"start":{"line":8,"column":2},"end":{"line":8,"column":62}},"4":{"start":{"line":9,"column":2},"end":{"line":9,"column":57}},"5":{"start":{"line":10,"column":2},"end":{"line":10,"column":117}},"6":{"start":{"line":11,"column":2},"end":{"line":11,"column":18}},"7":{"start":{"line":14,"column":0},"end":{"line":22,"column":2}},"8":{"start":{"line":15,"column":2},"end":{"line":21,"column":7}},"9":{"start":{"line":19,"column":6},"end":{"line":19,"column":48}},"10":{"start":{"line":20,"column":6},"end":{"line":20,"column":22}},"11":{"start":{"line":24,"column":0},"end":{"line":31,"column":1}},"12":{"start":{"line":25,"column":2},"end":{"line":31,"column":0}}},"branchMap":{},"l":{"3":1,"7":1,"8":0,"9":0,"10":0,"11":0,"14":1,"15":1,"19":0,"20":0,"24":1,"25":0}}}
