{
"/Users/rafaeljesus/pagarme-node/lib/index.js":{"path":"/Users/rafaeljesus/pagarme-node/lib/index.js","s":{"1":1,"2":1,"3":12,"4":1},"b":{},"f":{"1":12},"fnMap":{"1":{"name":"(anonymous_1)","line":5,"loc":{"start":{"line":5,"column":17},"end":{"line":5,"column":31}}}},"statementMap":{"1":{"start":{"line":3,"column":0},"end":{"line":3,"column":35}},"2":{"start":{"line":5,"column":0},"end":{"line":9,"column":2}},"3":{"start":{"line":6,"column":2},"end":{"line":8,"column":5}},"4":{"start":{"line":11,"column":0},"end":{"line":11,"column":33}}},"branchMap":{},"l":{"3":1,"5":1,"6":12,"11":1}},
"/Users/rafaeljesus/pagarme-node/lib/pagarme.js":{"path":"/Users/rafaeljesus/pagarme-node/lib/pagarme.js","s":{"1":1,"2":1,"3":15,"4":15,"5":14,"6":13,"7":13,"8":13,"9":13,"10":13,"11":13,"12":13,"13":1,"14":35,"15":35,"16":1,"17":35,"18":35,"19":1,"20":35,"21":35,"22":1,"23":35,"24":35,"25":35,"26":14,"27":10,"28":4,"29":1,"30":1,"31":1,"32":1,"33":1},"b":{"1":[15,2],"2":[0,35],"3":[10,4],"4":[14,14],"5":[4,2]},"f":{"1":15,"2":35,"3":35,"4":35,"5":35,"6":14,"7":1},"fnMap":{"1":{"name":"Pagarme","line":13,"loc":{"start":{"line":13,"column":0},"end":{"line":13,"column":25}}},"2":{"name":"generateQuery","line":26,"loc":{"start":{"line":26,"column":0},"end":{"line":26,"column":25}}},"3":{"name":"(anonymous_3)","line":31,"loc":{"start":{"line":31,"column":25},"end":{"line":31,"column":43}}},"4":{"name":"(anonymous_4)","line":36,"loc":{"start":{"line":36,"column":24},"end":{"line":36,"column":42}}},"5":{"name":"(anonymous_5)","line":41,"loc":{"start":{"line":41,"column":28},"end":{"line":41,"column":46}}},"6":{"name":"(anonymous_6)","line":47,"loc":{"start":{"line":47,"column":12},"end":{"line":47,"column":32}}},"7":{"name":"(anonymous_7)","line":57,"loc":{"start":{"line":57,"column":40},"end":{"line":57,"column":66}}}},"statementMap":{"1":{"start":{"line":3,"column":0},"end":{"line":11,"column":36}},"2":{"start":{"line":13,"column":0},"end":{"line":24,"column":1}},"3":{"start":{"line":14,"column":2},"end":{"line":14,"column":24}},"4":{"start":{"line":15,"column":2},"end":{"line":15,"column":69}},"5":{"start":{"line":16,"column":2},"end":{"line":16,"column":86}},"6":{"start":{"line":17,"column":2},"end":{"line":17,"column":24}},"7":{"start":{"line":18,"column":2},"end":{"line":18,"column":78}},"8":{"start":{"line":19,"column":2},"end":{"line":19,"column":44}},"9":{"start":{"line":20,"column":2},"end":{"line":20,"column":38}},"10":{"start":{"line":21,"column":2},"end":{"line":21,"column":53}},"11":{"start":{"line":22,"column":2},"end":{"line":22,"column":38}},"12":{"start":{"line":23,"column":2},"end":{"line":23,"column":52}},"13":{"start":{"line":26,"column":0},"end":{"line":29,"column":1}},"14":{"start":{"line":27,"column":2},"end":{"line":27,"column":95}},"15":{"start":{"line":28,"column":2},"end":{"line":28,"column":46}},"16":{"start":{"line":31,"column":0},"end":{"line":34,"column":2}},"17":{"start":{"line":32,"column":2},"end":{"line":32,"column":50}},"18":{"start":{"line":33,"column":2},"end":{"line":33,"column":67}},"19":{"start":{"line":36,"column":0},"end":{"line":39,"column":2}},"20":{"start":{"line":37,"column":2},"end":{"line":37,"column":36}},"21":{"start":{"line":38,"column":2},"end":{"line":38,"column":43}},"22":{"start":{"line":41,"column":0},"end":{"line":55,"column":2}},"23":{"start":{"line":42,"column":2},"end":{"line":42,"column":62}},"24":{"start":{"line":43,"column":2},"end":{"line":43,"column":74}},"25":{"start":{"line":44,"column":2},"end":{"line":54,"column":7}},"26":{"start":{"line":48,"column":6},"end":{"line":48,"column":70}},"27":{"start":{"line":48,"column":58},"end":{"line":48,"column":70}},"28":{"start":{"line":49,"column":6},"end":{"line":53,"column":9}},"29":{"start":{"line":57,"column":0},"end":{"line":60,"column":2}},"30":{"start":{"line":58,"column":2},"end":{"line":58,"column":75}},"31":{"start":{"line":59,"column":2},"end":{"line":59,"column":29}},"32":{"start":{"line":62,"column":0},"end":{"line":62,"column":84}},"33":{"start":{"line":64,"column":0},"end":{"line":64,"column":25}}},"branchMap":{"1":{"line":14,"type":"binary-expr","locations":[{"start":{"line":14,"column":11},"end":{"line":14,"column":17}},{"start":{"line":14,"column":21},"end":{"line":14,"column":23}}]},"2":{"line":28,"type":"cond-expr","locations":[{"start":{"line":28,"column":28},"end":{"line":28,"column":37}},{"start":{"line":28,"column":40},"end":{"line":28,"column":45}}]},"3":{"line":48,"type":"if","locations":[{"start":{"line":48,"column":6},"end":{"line":48,"column":6}},{"start":{"line":48,"column":6},"end":{"line":48,"column":6}}]},"4":{"line":48,"type":"binary-expr","locations":[{"start":{"line":48,"column":10},"end":{"line":48,"column":32}},{"start":{"line":48,"column":36},"end":{"line":48,"column":56}}]},"5":{"line":50,"type":"binary-expr","locations":[{"start":{"line":50,"column":14},"end":{"line":50,"column":25}},{"start":{"line":50,"column":29},"end":{"line":50,"column":38}}]}},"l":{"3":1,"13":1,"14":15,"15":15,"16":14,"17":13,"18":13,"19":13,"20":13,"21":13,"22":13,"23":13,"26":1,"27":35,"28":35,"31":1,"32":35,"33":35,"36":1,"37":35,"38":35,"41":1,"42":35,"43":35,"44":35,"48":14,"49":4,"57":1,"58":1,"59":1,"62":1,"64":1}},
"/Users/rafaeljesus/pagarme-node/lib/card.js":{"path":"/Users/rafaeljesus/pagarme-node/lib/card.js","s":{"1":1,"2":1,"3":1,"4":1},"b":{"1":[1,1]},"f":{"1":1},"fnMap":{"1":{"name":"preFind","line":11,"loc":{"start":{"line":11,"column":0},"end":{"line":11,"column":26}}}},"statementMap":{"1":{"start":{"line":3,"column":0},"end":{"line":4,"column":38}},"2":{"start":{"line":6,"column":0},"end":{"line":9,"column":24}},"3":{"start":{"line":11,"column":0},"end":{"line":13,"column":1}},"4":{"start":{"line":12,"column":2},"end":{"line":12,"column":73}}},"branchMap":{"1":{"line":12,"type":"binary-expr","locations":[{"start":{"line":12,"column":11},"end":{"line":12,"column":27}},{"start":{"line":12,"column":31},"end":{"line":12,"column":48}}]}},"l":{"3":1,"6":1,"11":1,"12":1}},
"/Users/rafaeljesus/pagarme-node/lib/resource.js":{"path":"/Users/rafaeljesus/pagarme-node/lib/resource.js","s":{"1":1,"2":1,"3":9,"4":8,"5":8,"6":9,"7":8,"8":8,"9":56,"10":7,"11":7},"b":{},"f":{"1":9,"2":9,"3":56,"4":7},"fnMap":{"1":{"name":"(anonymous_1)","line":8,"loc":{"start":{"line":8,"column":17},"end":{"line":8,"column":41}}},"2":{"name":"(anonymous_2)","line":12,"loc":{"start":{"line":12,"column":17},"end":{"line":12,"column":28}}},"3":{"name":"(anonymous_3)","line":23,"loc":{"start":{"line":23,"column":18},"end":{"line":23,"column":36}}},"4":{"name":"(anonymous_4)","line":29,"loc":{"start":{"line":29,"column":8},"end":{"line":29,"column":19}}}},"statementMap":{"1":{"start":{"line":3,"column":0},"end":{"line":6,"column":52}},"2":{"start":{"line":8,"column":0},"end":{"line":34,"column":2}},"3":{"start":{"line":9,"column":2},"end":{"line":9,"column":73}},"4":{"start":{"line":10,"column":2},"end":{"line":10,"column":64}},"5":{"start":{"line":12,"column":2},"end":{"line":14,"column":4}},"6":{"start":{"line":13,"column":4},"end":{"line":13,"column":43}},"7":{"start":{"line":16,"column":2},"end":{"line":23,"column":2}},"8":{"start":{"line":23,"column":2},"end":{"line":33,"column":5}},"9":{"start":{"line":24,"column":4},"end":{"line":26,"column":7}},"10":{"start":{"line":30,"column":6},"end":{"line":30,"column":45}},"11":{"start":{"line":31,"column":6},"end":{"line":31,"column":18}}},"branchMap":{},"l":{"3":1,"8":1,"9":9,"10":8,"12":8,"13":9,"16":8,"23":8,"24":56,"30":7,"31":7}},
"/Users/rafaeljesus/pagarme-node/lib/pagarme_resource.js":{"path":"/Users/rafaeljesus/pagarme-node/lib/pagarme_resource.js","s":{"1":1,"2":1,"3":9,"4":1,"5":3,"6":3,"7":3,"8":1,"9":1,"10":2,"11":2,"12":1,"13":25,"14":25,"15":25,"16":6,"17":0,"18":1,"19":2,"20":2,"21":0,"22":1},"b":{"1":[3,0],"2":[25,0],"3":[2,0]},"f":{"1":9,"2":3,"3":1,"4":2,"5":2,"6":25,"7":6,"8":2,"9":0},"fnMap":{"1":{"name":"PagarmeResource","line":6,"loc":{"start":{"line":6,"column":0},"end":{"line":6,"column":31}}},"2":{"name":"(anonymous_2)","line":10,"loc":{"start":{"line":10,"column":40},"end":{"line":10,"column":58}}},"3":{"name":"(anonymous_3)","line":18,"loc":{"start":{"line":18,"column":8},"end":{"line":18,"column":23}}},"4":{"name":"(anonymous_4)","line":23,"loc":{"start":{"line":23,"column":42},"end":{"line":23,"column":55}}},"5":{"name":"(anonymous_5)","line":29,"loc":{"start":{"line":29,"column":8},"end":{"line":29,"column":23}}},"6":{"name":"(anonymous_6)","line":34,"loc":{"start":{"line":34,"column":40},"end":{"line":34,"column":58}}},"7":{"name":"(anonymous_7)","line":42,"loc":{"start":{"line":42,"column":22},"end":{"line":42,"column":37}}},"8":{"name":"(anonymous_8)","line":48,"loc":{"start":{"line":48,"column":40},"end":{"line":48,"column":62}}},"9":{"name":"(anonymous_9)","line":56,"loc":{"start":{"line":56,"column":8},"end":{"line":56,"column":23}}}},"statementMap":{"1":{"start":{"line":3,"column":0},"end":{"line":4,"column":39}},"2":{"start":{"line":6,"column":0},"end":{"line":8,"column":1}},"3":{"start":{"line":7,"column":2},"end":{"line":7,"column":23}},"4":{"start":{"line":10,"column":0},"end":{"line":21,"column":3}},"5":{"start":{"line":11,"column":2},"end":{"line":11,"column":26}},"6":{"start":{"line":12,"column":2},"end":{"line":12,"column":32}},"7":{"start":{"line":13,"column":2},"end":{"line":20,"column":5}},"8":{"start":{"line":19,"column":4},"end":{"line":19,"column":26}},"9":{"start":{"line":23,"column":0},"end":{"line":32,"column":3}},"10":{"start":{"line":24,"column":2},"end":{"line":31,"column":5}},"11":{"start":{"line":30,"column":4},"end":{"line":30,"column":26}},"12":{"start":{"line":34,"column":0},"end":{"line":46,"column":3}},"13":{"start":{"line":35,"column":2},"end":{"line":35,"column":26}},"14":{"start":{"line":36,"column":2},"end":{"line":41,"column":14}},"15":{"start":{"line":42,"column":2},"end":{"line":44,"column":5}},"16":{"start":{"line":43,"column":4},"end":{"line":43,"column":26}},"17":{"start":{"line":45,"column":2},"end":{"line":45,"column":43}},"18":{"start":{"line":48,"column":0},"end":{"line":59,"column":3}},"19":{"start":{"line":49,"column":2},"end":{"line":49,"column":26}},"20":{"start":{"line":50,"column":2},"end":{"line":58,"column":5}},"21":{"start":{"line":57,"column":4},"end":{"line":57,"column":26}},"22":{"start":{"line":61,"column":0},"end":{"line":61,"column":33}}},"branchMap":{"1":{"line":11,"type":"binary-expr","locations":[{"start":{"line":11,"column":12},"end":{"line":11,"column":19}},{"start":{"line":11,"column":23},"end":{"line":11,"column":25}}]},"2":{"line":35,"type":"binary-expr","locations":[{"start":{"line":35,"column":12},"end":{"line":35,"column":19}},{"start":{"line":35,"column":23},"end":{"line":35,"column":25}}]},"3":{"line":49,"type":"binary-expr","locations":[{"start":{"line":49,"column":12},"end":{"line":49,"column":19}},{"start":{"line":49,"column":23},"end":{"line":49,"column":25}}]}},"l":{"3":1,"6":1,"7":9,"10":1,"11":3,"12":3,"13":3,"19":1,"23":1,"24":2,"30":2,"34":1,"35":25,"36":25,"42":25,"43":6,"45":0,"48":1,"49":2,"50":2,"57":0,"61":1}},
"/Users/rafaeljesus/pagarme-node/lib/bank_account.js":{"path":"/Users/rafaeljesus/pagarme-node/lib/bank_account.js","s":{"1":1,"2":1,"3":1,"4":1},"b":{"1":[1,1]},"f":{"1":1},"fnMap":{"1":{"name":"preFind","line":6,"loc":{"start":{"line":6,"column":0},"end":{"line":6,"column":26}}}},"statementMap":{"1":{"start":{"line":3,"column":0},"end":{"line":4,"column":38}},"2":{"start":{"line":6,"column":0},"end":{"line":8,"column":1}},"3":{"start":{"line":7,"column":2},"end":{"line":7,"column":73}},"4":{"start":{"line":10,"column":0},"end":{"line":13,"column":24}}},"branchMap":{"1":{"line":7,"type":"binary-expr","locations":[{"start":{"line":7,"column":11},"end":{"line":7,"column":27}},{"start":{"line":7,"column":31},"end":{"line":7,"column":48}}]}},"l":{"3":1,"6":1,"7":1,"10":1}},
"/Users/rafaeljesus/pagarme-node/lib/plan.js":{"path":"/Users/rafaeljesus/pagarme-node/lib/plan.js","s":{"1":1,"2":1,"3":1,"4":0},"b":{"1":[0,0]},"f":{"1":0},"fnMap":{"1":{"name":"preFind","line":11,"loc":{"start":{"line":11,"column":0},"end":{"line":11,"column":26}}}},"statementMap":{"1":{"start":{"line":3,"column":0},"end":{"line":4,"column":38}},"2":{"start":{"line":6,"column":0},"end":{"line":9,"column":24}},"3":{"start":{"line":11,"column":0},"end":{"line":13,"column":1}},"4":{"start":{"line":12,"column":2},"end":{"line":12,"column":73}}},"branchMap":{"1":{"line":12,"type":"binary-expr","locations":[{"start":{"line":12,"column":11},"end":{"line":12,"column":27}},{"start":{"line":12,"column":31},"end":{"line":12,"column":48}}]}},"l":{"3":1,"6":1,"11":1,"12":0}},
"/Users/rafaeljesus/pagarme-node/lib/transaction.js":{"path":"/Users/rafaeljesus/pagarme-node/lib/transaction.js","s":{"1":1,"2":1,"3":0,"4":0,"5":0,"6":0,"7":1,"8":0,"9":1,"10":1,"11":1,"12":0,"13":0,"14":0,"15":0},"b":{"1":[1,1],"2":[0,0],"3":[0,0],"4":[0,0]},"f":{"1":0,"2":0,"3":0,"4":0,"5":1,"6":0,"7":1,"8":0},"fnMap":{"1":{"name":"(anonymous_1)","line":14,"loc":{"start":{"line":14,"column":27},"end":{"line":14,"column":40}}},"2":{"name":"(anonymous_2)","line":21,"loc":{"start":{"line":21,"column":12},"end":{"line":21,"column":27}}},"3":{"name":"(anonymous_3)","line":26,"loc":{"start":{"line":26,"column":28},"end":{"line":26,"column":50}}},"4":{"name":"(anonymous_4)","line":33,"loc":{"start":{"line":33,"column":12},"end":{"line":33,"column":27}}},"5":{"name":"(anonymous_5)","line":38,"loc":{"start":{"line":38,"column":42},"end":{"line":38,"column":60}}},"6":{"name":"(anonymous_6)","line":45,"loc":{"start":{"line":45,"column":12},"end":{"line":45,"column":27}}},"7":{"name":"preFind","line":55,"loc":{"start":{"line":55,"column":0},"end":{"line":55,"column":26}}},"8":{"name":"preCreate","line":59,"loc":{"start":{"line":59,"column":0},"end":{"line":59,"column":38}}}},"statementMap":{"1":{"start":{"line":3,"column":0},"end":{"line":8,"column":32}},"2":{"start":{"line":10,"column":0},"end":{"line":53,"column":24}},"3":{"start":{"line":15,"column":6},"end":{"line":23,"column":9}},"4":{"start":{"line":22,"column":8},"end":{"line":22,"column":30}},"5":{"start":{"line":27,"column":6},"end":{"line":35,"column":9}},"6":{"start":{"line":34,"column":8},"end":{"line":34,"column":30}},"7":{"start":{"line":39,"column":6},"end":{"line":47,"column":9}},"8":{"start":{"line":46,"column":8},"end":{"line":46,"column":30}},"9":{"start":{"line":55,"column":0},"end":{"line":57,"column":1}},"10":{"start":{"line":56,"column":2},"end":{"line":56,"column":73}},"11":{"start":{"line":59,"column":0},"end":{"line":64,"column":1}},"12":{"start":{"line":60,"column":2},"end":{"line":60,"column":63}},"13":{"start":{"line":61,"column":2},"end":{"line":61,"column":51}},"14":{"start":{"line":62,"column":2},"end":{"line":62,"column":45}},"15":{"start":{"line":63,"column":2},"end":{"line":63,"column":53}}},"branchMap":{"1":{"line":56,"type":"binary-expr","locations":[{"start":{"line":56,"column":11},"end":{"line":56,"column":27}},{"start":{"line":56,"column":31},"end":{"line":56,"column":48}}]},"2":{"line":60,"type":"binary-expr","locations":[{"start":{"line":60,"column":25},"end":{"line":60,"column":45}},{"start":{"line":60,"column":49},"end":{"line":60,"column":62}}]},"3":{"line":61,"type":"binary-expr","locations":[{"start":{"line":61,"column":25},"end":{"line":61,"column":45}},{"start":{"line":61,"column":49},"end":{"line":61,"column":50}}]},"4":{"line":62,"type":"binary-expr","locations":[{"start":{"line":62,"column":19},"end":{"line":62,"column":33}},{"start":{"line":62,"column":37},"end":{"line":62,"column":44}}]}},"l":{"3":1,"10":1,"15":0,"22":0,"27":0,"34":0,"39":1,"46":0,"55":1,"56":1,"59":1,"60":0,"61":0,"62":0,"63":0}},
"/Users/rafaeljesus/pagarme-node/lib/card_hash.js":{"path":"/Users/rafaeljesus/pagarme-node/lib/card_hash.js","s":{"1":1,"2":1,"3":1,"4":0,"5":0,"6":0,"7":0,"8":0,"9":0,"10":0,"11":1,"12":0,"13":1},"b":{},"f":{"1":0,"2":0,"3":0,"4":0},"fnMap":{"1":{"name":"CardHash","line":7,"loc":{"start":{"line":7,"column":0},"end":{"line":7,"column":20}}},"2":{"name":"(anonymous_2)","line":10,"loc":{"start":{"line":10,"column":30},"end":{"line":10,"column":67}}},"3":{"name":"(anonymous_3)","line":13,"loc":{"start":{"line":13,"column":10},"end":{"line":13,"column":25}}},"4":{"name":"cardDataParams","line":23,"loc":{"start":{"line":23,"column":0},"end":{"line":23,"column":33}}}},"statementMap":{"1":{"start":{"line":3,"column":0},"end":{"line":5,"column":32}},"2":{"start":{"line":7,"column":0},"end":{"line":8,"column":1}},"3":{"start":{"line":10,"column":0},"end":{"line":21,"column":2}},"4":{"start":{"line":11,"column":2},"end":{"line":20,"column":7}},"5":{"start":{"line":14,"column":6},"end":{"line":14,"column":66}},"6":{"start":{"line":15,"column":6},"end":{"line":15,"column":61}},"7":{"start":{"line":16,"column":6},"end":{"line":16,"column":121}},"8":{"start":{"line":17,"column":6},"end":{"line":17,"column":35}},"9":{"start":{"line":18,"column":6},"end":{"line":18,"column":27}},"10":{"start":{"line":19,"column":6},"end":{"line":19,"column":24}},"11":{"start":{"line":23,"column":0},"end":{"line":30,"column":1}},"12":{"start":{"line":24,"column":2},"end":{"line":30,"column":0}},"13":{"start":{"line":32,"column":0},"end":{"line":32,"column":26}}},"branchMap":{},"l":{"3":1,"7":1,"10":1,"11":0,"14":0,"15":0,"16":0,"17":0,"18":0,"19":0,"23":1,"24":0,"32":1}}}
