TN:
SF:/Users/rafaeljesus/pagarme-node/lib/index.js
FN:5,(anonymous_1)
FNF:1
FNH:1
FNDA:14,(anonymous_1)
DA:3,1
DA:5,1
DA:6,14
DA:11,1
LF:4
LH:4
BRF:0
BRH:0
end_of_record
TN:
SF:/Users/rafaeljesus/pagarme-node/lib/pagarme.js
FN:13,Pagarme
FN:30,generateQuery
FN:35,(anonymous_3)
FN:40,(anonymous_4)
FN:45,(anonymous_5)
FN:51,(anonymous_6)
FN:61,(anonymous_7)
FNF:7
FNH:6
FNDA:17,Pagarme
FNDA:34,generateQuery
FNDA:34,(anonymous_3)
FNDA:34,(anonymous_4)
FNDA:34,(anonymous_5)
FNDA:0,(anonymous_6)
FNDA:1,(anonymous_7)
DA:3,1
DA:13,1
DA:14,17
DA:16,17
DA:17,16
DA:19,15
DA:20,15
DA:21,15
DA:23,15
DA:24,15
DA:25,15
DA:26,15
DA:27,15
DA:30,1
DA:31,34
DA:32,34
DA:35,1
DA:36,34
DA:37,34
DA:40,1
DA:41,34
DA:42,34
DA:45,1
DA:46,34
DA:47,34
DA:48,34
DA:52,0
DA:53,0
DA:61,1
DA:62,1
DA:63,1
DA:66,1
DA:68,1
LF:33
LH:31
BRDA:14,1,0,17
BRDA:14,1,1,2
BRDA:32,2,0,0
BRDA:32,2,1,34
BRDA:52,3,0,0
BRDA:52,3,1,0
BRDA:52,4,0,0
BRDA:52,4,1,0
BRDA:54,5,0,0
BRDA:54,5,1,0
BRF:10
BRH:3
end_of_record
TN:
SF:/Users/rafaeljesus/pagarme-node/lib/card.js
FNF:0
FNH:0
DA:3,1
DA:7,1
LF:2
LH:2
BRF:0
BRH:0
end_of_record
TN:
SF:/Users/rafaeljesus/pagarme-node/lib/assert_page_count.js
FN:5,(anonymous_1)
FNF:1
FNH:1
FNDA:3,(anonymous_1)
DA:3,1
DA:5,1
DA:6,3
LF:3
LH:3
BRDA:6,1,0,3
BRDA:6,1,1,3
BRF:2
BRH:2
end_of_record
TN:
SF:/Users/rafaeljesus/pagarme-node/lib/resource.js
FN:8,(anonymous_1)
FN:12,(anonymous_2)
FN:23,(anonymous_3)
FN:29,(anonymous_4)
FNF:4
FNH:3
FNDA:15,(anonymous_1)
FNDA:0,(anonymous_2)
FNDA:79,(anonymous_3)
FNDA:8,(anonymous_4)
DA:3,1
DA:8,1
DA:9,15
DA:10,11
DA:12,9
DA:13,0
DA:16,9
DA:23,9
DA:24,79
DA:30,8
DA:31,8
LF:11
LH:10
BRF:0
BRH:0
end_of_record
TN:
SF:/Users/rafaeljesus/pagarme-node/lib/pagarme_resource.js
FN:7,PagarmeResource
FN:11,(anonymous_2)
FN:19,(anonymous_3)
FN:24,(anonymous_4)
FN:30,(anonymous_5)
FN:35,(anonymous_6)
FN:43,(anonymous_7)
FN:49,(anonymous_8)
FN:57,(anonymous_9)
FNF:9
FNH:2
FNDA:0,PagarmeResource
FNDA:3,(anonymous_2)
FNDA:0,(anonymous_3)
FNDA:0,(anonymous_4)
FNDA:0,(anonymous_5)
FNDA:27,(anonymous_6)
FNDA:0,(anonymous_7)
FNDA:0,(anonymous_8)
FNDA:0,(anonymous_9)
DA:3,1
DA:7,1
DA:8,0
DA:11,1
DA:12,3
DA:13,3
DA:14,3
DA:20,0
DA:24,1
DA:25,0
DA:31,0
DA:35,1
DA:36,27
DA:37,27
DA:43,27
DA:44,0
DA:46,0
DA:49,1
DA:50,0
DA:51,0
DA:58,0
DA:62,1
LF:22
LH:13
BRDA:12,1,0,3
BRDA:12,1,1,0
BRDA:36,2,0,27
BRDA:36,2,1,0
BRDA:50,3,0,0
BRDA:50,3,1,0
BRF:6
BRH:2
end_of_record
TN:
SF:/Users/rafaeljesus/pagarme-node/lib/bank_account.js
FNF:0
FNH:0
DA:3,1
DA:7,1
LF:2
LH:2
BRF:0
BRH:0
end_of_record
TN:
SF:/Users/rafaeljesus/pagarme-node/lib/plan.js
FNF:0
FNH:0
DA:3,1
DA:7,1
LF:2
LH:2
BRF:0
BRH:0
end_of_record
TN:
SF:/Users/rafaeljesus/pagarme-node/lib/subscription.js
FNF:0
FNH:0
DA:3,1
DA:7,1
LF:2
LH:2
BRF:0
BRH:0
end_of_record
TN:
SF:/Users/rafaeljesus/pagarme-node/lib/transaction.js
FN:14,(anonymous_1)
FN:21,(anonymous_2)
FN:26,(anonymous_3)
FN:33,(anonymous_4)
FN:38,(anonymous_5)
FN:45,(anonymous_6)
FNF:6
FNH:1
FNDA:0,(anonymous_1)
FNDA:0,(anonymous_2)
FNDA:0,(anonymous_3)
FNDA:0,(anonymous_4)
FNDA:1,(anonymous_5)
FNDA:0,(anonymous_6)
DA:3,1
DA:11,1
DA:15,0
DA:22,0
DA:27,0
DA:34,0
DA:39,1
DA:46,0
LF:8
LH:3
BRF:0
BRH:0
end_of_record
TN:
SF:/Users/rafaeljesus/pagarme-node/lib/card_hash.js
FN:7,(anonymous_1)
FN:11,(anonymous_2)
FN:17,toHash
FN:24,cardDataParams
FNF:4
FNH:1
FNDA:1,(anonymous_1)
FNDA:0,(anonymous_2)
FNDA:0,toHash
FNDA:0,cardDataParams
DA:3,1
DA:7,1
DA:8,1
DA:12,0
DA:13,0
DA:17,1
DA:18,0
DA:19,0
DA:20,0
DA:21,0
DA:24,1
DA:25,0
LF:12
LH:5
BRF:0
BRH:0
end_of_record
