TN:
SF:/Users/rafaeljesus/pagarme-node/lib/index.js
FN:5,(anonymous_1)
FNF:1
FNH:1
FNDA:6,(anonymous_1)
DA:3,1
DA:5,1
DA:6,6
DA:11,1
LF:4
LH:4
BRF:0
BRH:0
end_of_record
TN:
SF:/Users/rafaeljesus/pagarme-node/lib/pagarme.js
FN:13,Pagarme
FN:23,generateQuery
FN:28,(anonymous_3)
FN:33,(anonymous_4)
FN:38,(anonymous_5)
FN:44,(anonymous_6)
FN:54,(anonymous_7)
FNF:7
FNH:6
FNDA:9,Pagarme
FNDA:10,generateQuery
FNDA:10,(anonymous_3)
FNDA:10,(anonymous_4)
FNDA:10,(anonymous_5)
FNDA:0,(anonymous_6)
FNDA:1,(anonymous_7)
DA:3,1
DA:13,1
DA:14,9
DA:15,9
DA:16,8
DA:17,7
DA:18,7
DA:19,7
DA:20,7
DA:23,1
DA:24,10
DA:25,10
DA:28,1
DA:29,10
DA:30,10
DA:33,1
DA:34,10
DA:35,10
DA:38,1
DA:39,10
DA:40,10
DA:41,10
DA:45,0
DA:46,0
DA:54,1
DA:55,1
DA:56,1
DA:59,1
DA:61,1
LF:29
LH:27
BRDA:14,1,0,9
BRDA:14,1,1,2
BRDA:25,2,0,0
BRDA:25,2,1,10
BRDA:45,3,0,0
BRDA:45,3,1,0
BRDA:45,4,0,0
BRDA:45,4,1,0
BRDA:47,5,0,0
BRDA:47,5,1,0
BRF:10
BRH:3
end_of_record
TN:
SF:/Users/rafaeljesus/pagarme-node/lib/transaction.js
FN:9,preFind
FN:13,preCreate
FN:19,(anonymous_3)
FN:28,cardDataParams
FN:41,(anonymous_5)
FN:48,(anonymous_6)
FN:53,(anonymous_7)
FN:60,(anonymous_8)
FN:65,(anonymous_9)
FN:72,(anonymous_10)
FNF:10
FNH:2
FNDA:1,preFind
FNDA:0,preCreate
FNDA:0,(anonymous_3)
FNDA:0,cardDataParams
FNDA:0,(anonymous_5)
FNDA:0,(anonymous_6)
FNDA:0,(anonymous_7)
FNDA:0,(anonymous_8)
FNDA:1,(anonymous_9)
FNDA:0,(anonymous_10)
DA:3,1
DA:9,1
DA:10,1
DA:13,1
DA:14,0
DA:15,0
DA:16,0
DA:17,0
DA:20,0
DA:21,0
DA:22,0
DA:23,0
DA:24,0
DA:28,1
DA:29,0
DA:37,1
DA:42,0
DA:49,0
DA:54,0
DA:61,0
DA:66,1
DA:73,0
DA:82,1
LF:23
LH:8
BRDA:10,1,0,1
BRDA:10,1,1,0
BRDA:14,2,0,0
BRDA:14,2,1,0
BRDA:15,3,0,0
BRDA:15,3,1,0
BRDA:16,4,0,0
BRDA:16,4,1,0
BRF:8
BRH:1
end_of_record
TN:
SF:/Users/rafaeljesus/pagarme-node/lib/resource.js
FN:7,Resource
FN:11,(anonymous_2)
FN:19,(anonymous_3)
FN:25,(anonymous_4)
FNF:4
FNH:3
FNDA:0,Resource
FNDA:1,(anonymous_2)
FNDA:7,(anonymous_3)
FNDA:2,(anonymous_4)
DA:3,1
DA:7,1
DA:8,0
DA:11,1
DA:12,1
DA:19,1
DA:20,7
DA:26,2
DA:27,2
DA:32,1
LF:10
LH:9
BRF:0
BRH:0
end_of_record
TN:
SF:/Users/rafaeljesus/pagarme-node/lib/pagarme_resource.js
FN:6,PagarmeResource
FN:10,(anonymous_2)
FN:18,(anonymous_3)
FN:23,(anonymous_4)
FN:29,(anonymous_5)
FN:34,(anonymous_6)
FN:43,(anonymous_7)
FNF:7
FNH:2
FNDA:0,PagarmeResource
FNDA:1,(anonymous_2)
FNDA:0,(anonymous_3)
FNDA:0,(anonymous_4)
FNDA:0,(anonymous_5)
FNDA:8,(anonymous_6)
FNDA:0,(anonymous_7)
DA:3,1
DA:6,1
DA:7,0
DA:10,1
DA:11,1
DA:12,1
DA:13,1
DA:19,0
DA:23,1
DA:24,0
DA:30,0
DA:34,1
DA:35,8
DA:36,8
DA:43,8
DA:44,0
DA:46,0
DA:49,1
LF:18
LH:12
BRDA:11,1,0,1
BRDA:11,1,1,0
BRDA:35,2,0,8
BRDA:35,2,1,0
BRF:4
BRH:2
end_of_record
